<?xml version="1.0" encoding="UTF-8"?>
<coverage generated="1773407079118" clover="3.2.0">
  <project timestamp="1773407079118" name="All files">
    <metrics statements="23" coveredstatements="19" conditionals="8" coveredconditionals="6" methods="10" coveredmethods="7" elements="41" coveredelements="32" complexity="0" loc="23" ncloc="23" packages="1" files="1" classes="1"/>
    <file name="index.ts" path="/Users/dharanish.varadhan/Projects/vite-projects/universal-compressor/packages/omni-compress/ts-src/index.ts">
      <metrics statements="23" coveredstatements="19" conditionals="8" coveredconditionals="6" methods="10" coveredmethods="7"/>
      <line num="3" count="3" type="stmt"/>
      <line num="7" count="3" type="cond" truecount="2" falsecount="0"/>
      <line num="8" count="3" type="stmt"/>
      <line num="10" count="3" type="stmt"/>
      <line num="11" count="3" type="stmt"/>
      <line num="12" count="3" type="stmt"/>
      <line num="13" count="3" type="cond" truecount="1" falsecount="1"/>
      <line num="15" count="3" type="cond" truecount="1" falsecount="1"/>
      <line num="16" count="3" type="stmt"/>
      <line num="18" count="0" type="stmt"/>
      <line num="20" count="3" type="stmt"/>
      <line num="25" count="3" type="stmt"/>
      <line num="26" count="3" type="stmt"/>
      <line num="27" count="3" type="stmt"/>
      <line num="29" count="3" type="cond" truecount="2" falsecount="0"/>
      <line num="30" count="3" type="stmt"/>
      <line num="38" count="2" type="stmt"/>
      <line num="45" count="1" type="stmt"/>
      <line num="52" count="0" type="stmt"/>
      <line num="60" count="0" type="stmt"/>
      <line num="68" count="0" type="stmt"/>
      <line num="75" count="1" type="stmt"/>
      <line num="76" count="1" type="stmt"/>
    </file>
  </project>
</coverage>
