{"/Users/dharanish.varadhan/Projects/vite-projects/universal-compressor/packages/omni-compress/ts-src/index.ts": {"path":"/Users/dharanish.varadhan/Projects/vite-projects/universal-compressor/packages/omni-compress/ts-src/index.ts","statementMap":{"0":{"start":{"line":3,"column":2},"end":{"line":3,"column":null}},"1":{"start":{"line":7,"column":16},"end":{"line":7,"column":null}},"2":{"start":{"line":8,"column":4},"end":{"line":8,"column":null}},"3":{"start":{"line":10,"column":4},"end":{"line":21,"column":null}},"4":{"start":{"line":11,"column":43},"end":{"line":11,"column":null}},"5":{"start":{"line":12,"column":23},"end":{"line":12,"column":null}},"6":{"start":{"line":13,"column":6},"end":{"line":13,"column":null}},"7":{"start":{"line":13,"column":21},"end":{"line":13,"column":null}},"8":{"start":{"line":15,"column":6},"end":{"line":19,"column":null}},"9":{"start":{"line":16,"column":8},"end":{"line":16,"column":null}},"10":{"start":{"line":18,"column":8},"end":{"line":18,"column":null}},"11":{"start":{"line":20,"column":6},"end":{"line":20,"column":null}},"12":{"start":{"line":25,"column":15},"end":{"line":25,"column":null}},"13":{"start":{"line":26,"column":4},"end":{"line":31,"column":null}},"14":{"start":{"line":27,"column":6},"end":{"line":27,"column":null}},"15":{"start":{"line":29,"column":23},"end":{"line":29,"column":null}},"16":{"start":{"line":30,"column":6},"end":{"line":30,"column":null}},"17":{"start":{"line":38,"column":4},"end":{"line":38,"column":null}},"18":{"start":{"line":45,"column":4},"end":{"line":45,"column":null}},"19":{"start":{"line":52,"column":4},"end":{"line":52,"column":null}},"20":{"start":{"line":60,"column":4},"end":{"line":60,"column":null}},"21":{"start":{"line":68,"column":4},"end":{"line":68,"column":null}},"22":{"start":{"line":75,"column":4},"end":{"line":75,"column":null}},"23":{"start":{"line":76,"column":4},"end":{"line":76,"column":null}}},"fnMap":{"0":{"name":"(anonymous_0)","decl":{"start":{"line":5,"column":2},"end":{"line":5,"column":14}},"loc":{"start":{"line":5,"column":40},"end":{"line":22,"column":null}},"line":5},"1":{"name":"(anonymous_1)","decl":{"start":{"line":10,"column":28},"end":{"line":10,"column":29}},"loc":{"start":{"line":10,"column":49},"end":{"line":21,"column":null}},"line":10},"2":{"name":"(anonymous_2)","decl":{"start":{"line":24,"column":10},"end":{"line":24,"column":15}},"loc":{"start":{"line":24,"column":58},"end":{"line":32,"column":null}},"line":24},"3":{"name":"(anonymous_3)","decl":{"start":{"line":26,"column":23},"end":{"line":26,"column":24}},"loc":{"start":{"line":26,"column":44},"end":{"line":31,"column":5}},"line":26},"4":{"name":"(anonymous_4)","decl":{"start":{"line":37,"column":8},"end":{"line":37,"column":30}},"loc":{"start":{"line":37,"column":30},"end":{"line":39,"column":null}},"line":37},"5":{"name":"(anonymous_5)","decl":{"start":{"line":44,"column":8},"end":{"line":44,"column":22}},"loc":{"start":{"line":44,"column":96},"end":{"line":46,"column":null}},"line":44},"6":{"name":"(anonymous_6)","decl":{"start":{"line":51,"column":8},"end":{"line":51,"column":21}},"loc":{"start":{"line":51,"column":75},"end":{"line":53,"column":null}},"line":51},"7":{"name":"(anonymous_7)","decl":{"start":{"line":59,"column":8},"end":{"line":59,"column":26}},"loc":{"start":{"line":59,"column":128},"end":{"line":61,"column":null}},"line":59},"8":{"name":"(anonymous_8)","decl":{"start":{"line":67,"column":8},"end":{"line":67,"column":25}},"loc":{"start":{"line":67,"column":121},"end":{"line":69,"column":null}},"line":67},"9":{"name":"(anonymous_9)","decl":{"start":{"line":74,"column":2},"end":{"line":74,"column":14}},"loc":{"start":{"line":74,"column":14},"end":{"line":77,"column":null}},"line":74}},"branchMap":{"0":{"loc":{"start":{"line":7,"column":16},"end":{"line":7,"column":null}},"type":"binary-expr","locations":[{"start":{"line":7,"column":16},"end":{"line":7,"column":29}},{"start":{"line":7,"column":29},"end":{"line":7,"column":null}}],"line":7},"1":{"loc":{"start":{"line":13,"column":6},"end":{"line":13,"column":null}},"type":"if","locations":[{"start":{"line":13,"column":6},"end":{"line":13,"column":null}},{"start":{},"end":{}}],"line":13},"2":{"loc":{"start":{"line":15,"column":6},"end":{"line":19,"column":null}},"type":"if","locations":[{"start":{"line":15,"column":6},"end":{"line":19,"column":null}},{"start":{"line":17,"column":13},"end":{"line":19,"column":null}}],"line":15},"3":{"loc":{"start":{"line":29,"column":23},"end":{"line":29,"column":null}},"type":"cond-expr","locations":[{"start":{"line":29,"column":61},"end":{"line":29,"column":85}},{"start":{"line":29,"column":85},"end":{"line":29,"column":null}}],"line":29}},"s":{"0":3,"1":3,"2":3,"3":3,"4":3,"5":3,"6":3,"7":0,"8":3,"9":3,"10":0,"11":3,"12":3,"13":3,"14":3,"15":3,"16":3,"17":2,"18":1,"19":0,"20":0,"21":0,"22":1,"23":1},"f":{"0":3,"1":3,"2":3,"3":3,"4":2,"5":1,"6":0,"7":0,"8":0,"9":1},"b":{"0":[3,3],"1":[0,3],"2":[3,0],"3":[1,2]},"meta":{"lastBranch":4,"lastFunction":10,"lastStatement":24,"seen":{"f:5:2:5:14":0,"s:3:2:3:Infinity":0,"s:7:16:7:Infinity":1,"b:7:16:7:29:7:29:7:Infinity":0,"s:8:4:8:Infinity":2,"s:10:4:21:Infinity":3,"f:10:28:10:29":1,"s:11:43:11:Infinity":4,"s:12:23:12:Infinity":5,"b:13:6:13:Infinity:undefined:undefined:undefined:undefined":1,"s:13:6:13:Infinity":6,"s:13:21:13:Infinity":7,"b:15:6:19:Infinity:17:13:19:Infinity":2,"s:15:6:19:Infinity":8,"s:16:8:16:Infinity":9,"s:18:8:18:Infinity":10,"s:20:6:20:Infinity":11,"f:24:10:24:15":2,"s:25:15:25:Infinity":12,"s:26:4:31:Infinity":13,"f:26:23:26:24":3,"s:27:6:27:Infinity":14,"s:29:23:29:Infinity":15,"b:29:61:29:85:29:85:29:Infinity":3,"s:30:6:30:Infinity":16,"f:37:8:37:30":4,"s:38:4:38:Infinity":17,"f:44:8:44:22":5,"s:45:4:45:Infinity":18,"f:51:8:51:21":6,"s:52:4:52:Infinity":19,"f:59:8:59:26":7,"s:60:4:60:Infinity":20,"f:67:8:67:25":8,"s:68:4:68:Infinity":21,"f:74:2:74:14":9,"s:75:4:75:Infinity":22,"s:76:4:76:Infinity":23}}}
}
